<Page loaded="loaded">
	<Page.actionBar>
		<ActionBar title="Sign up"></ActionBar>
	</Page.actionBar>
	<ScrollView>
		<StackLayout>
			
			<GridLayout rows="auto, auto, auto">
				<TextField text="{{ displayname }}" id="displayname" hint="User Name" keyboardType="displayname" returnKeyType="next" returnPress="focusEmail" autocorrect="false" autocapitalizationType="none" row="0" />
				<TextField text="{{ email }}" id="email" hint="Email Address" keyboardType="email" returnKeyType="next" returnPress="focusPassword" autocorrect="false" autocapitalizationType="none" row="1" />
				<TextField text="{{ password }}" id="password" secure="true" hint="Password" returnKeyType="done" returnPress="register" row="2" />
				<ActivityIndicator busy="{{ authenticating }}" rowSpan="2" />
			</GridLayout>

			<Button text="Sign Up" id="signUpButton" tap="register" class="button"/>
		</StackLayout>
	</ScrollView>
</Page>